<?xml version="1.0" encoding="UTF-8"?>
<!-- Generated by org.testng.reporters.JUnitXMLReporter -->
<testsuite ignored="0" hostname="L-EGE-2YRBQ93" failures="0" tests="3" name="Submit Order Test" time="98.134" errors="0" timestamp="2022-11-24T11:14:56 EET">
  <testcase classname="rahulshettyacademy.tests.SubmitOrder" name="submitOrderTest" time="27.463"/>
  <testcase classname="rahulshettyacademy.tests.SubmitOrder" name="submitOrderTest" time="27.109"/>
  <testcase classname="rahulshettyacademy.tests.SubmitOrder" name="orderHistory" time="1.17"/>
</testsuite> <!-- Submit Order Test -->
