<?xml version="1.0" encoding="UTF-8"?>
<!-- Generated by org.testng.reporters.JUnitXMLReporter -->
<testsuite ignored="0" hostname="L-EGE-2YRBQ93" failures="2" tests="5" name="Error Validation Test" time="56.985" errors="0" timestamp="2022-11-24T16:43:00 EET">
  <testcase classname="rahulshettyacademy.tests.ErrorValidation" name="getPrint" time="0.0"/>
  <testcase classname="rahulshettyacademy.tests.ErrorValidation" name="loginErrorMessage" time="0.816">
    <skipped/>
  </testcase> <!-- loginErrorMessage -->
  <testcase classname="rahulshettyacademy.tests.ErrorValidation" name="loginErrorMessage" time="0.577">
    <failure type="java.lang.AssertionError" message="expected [Incorrect email or password.] but found [Incorrect email password.]">
      <![CDATA[java.lang.AssertionError: expected [Incorrect email or password.] but found [Incorrect email password.]
at rahulshettyacademy.tests.ErrorValidation.loginErrorMessage(ErrorValidation.java:24)
at java.base/java.util.ArrayList.forEach(ArrayList.java:1511)
at java.base/java.util.concurrent.FutureTask.run(FutureTask.java:264)
at java.base/java.util.concurrent.ThreadPoolExecutor.runWorker(ThreadPoolExecutor.java:1136)
at java.base/java.util.concurrent.ThreadPoolExecutor$Worker.run(ThreadPoolExecutor.java:635)
at java.base/java.lang.Thread.run(Thread.java:833)
... Removed 24 stack frames]]>
    </failure>
  </testcase> <!-- loginErrorMessage -->
  <testcase classname="rahulshettyacademy.tests.ErrorValidation" name="productErrorMessage" time="13.85">
    <skipped/>
  </testcase> <!-- productErrorMessage -->
  <testcase classname="rahulshettyacademy.tests.ErrorValidation" name="productErrorMessage" time="14.231">
    <failure type="java.lang.AssertionError" message="expected [true] but found [false]">
      <![CDATA[java.lang.AssertionError: expected [true] but found [false]
at rahulshettyacademy.tests.ErrorValidation.productErrorMessage(ErrorValidation.java:39)
at java.base/java.util.ArrayList.forEach(ArrayList.java:1511)
at java.base/java.util.concurrent.FutureTask.run(FutureTask.java:264)
at java.base/java.util.concurrent.ThreadPoolExecutor.runWorker(ThreadPoolExecutor.java:1136)
at java.base/java.util.concurrent.ThreadPoolExecutor$Worker.run(ThreadPoolExecutor.java:635)
at java.base/java.lang.Thread.run(Thread.java:833)
... Removed 22 stack frames]]>
    </failure>
  </testcase> <!-- productErrorMessage -->
</testsuite> <!-- Error Validation Test -->
