<?xml version="1.0" encoding="UTF-8"?>
<!-- Generated by org.testng.reporters.JUnitXMLReporter -->
<testsuite ignored="0" hostname="L-EGE-2YRBQ93" failures="0" tests="3" name="Submit Order Test" time="68.641" errors="0" timestamp="2022-11-24T16:43:11 EET">
  <testcase classname="rahulshettyacademy.tests.SubmitOrder" name="submitOrderTest" time="25.067"/>
  <testcase classname="rahulshettyacademy.tests.SubmitOrder" name="submitOrderTest" time="25.041"/>
  <testcase classname="rahulshettyacademy.tests.SubmitOrder" name="orderHistory" time="0.786"/>
</testsuite> <!-- Submit Order Test -->
